 letExp(
  decList(
   typeDec(
    nametyList(
     namety(any,
      recordTy(
       fieldList(
        field(any,
         int,
         TRUE),
        fieldList()))),
     nametyList())),
   decList(
    varDec(buffer,
     ,
     callExp(getchar,
      expList()),
     TRUE),
    decList(
     functionDec(
      fundecList(
       fundec(readint,
        fieldList(
         field(any,
          any,
          TRUE),
         fieldList()),
        int,
        letExp(
         decList(
          varDec(i,
           ,
           intExp(0),
           TRUE),
          decList(
           functionDec(
            fundecList(
             fundec(isdigit,
              fieldList(
               field(s,
                string,
                TRUE),
               fieldList()),
              int,
              iffExp(
               opExp(
                GREATEQ,
                callExp(ord,
                 expList(
                  varExp(
                   simpleVar(buffer)),
                  expList())),
                callExp(ord,
                 expList(
                  stringExp(0),
                  expList()))),
               opExp(
                LESSEQ,
                callExp(ord,
                 expList(
                  varExp(
                   simpleVar(buffer)),
                  expList())),
                callExp(ord,
                 expList(
                  stringExp(9),
                  expList()))),
               intExp(0))),
             fundecList(
              fundec(skipto,
               fieldList(),
               ,
               whileExp(
                iffExp(
                 opExp(
                  EQUAL,
                  varExp(
                   simpleVar(buffer)),
                  stringExp( )),
                 intExp(1),
                 opExp(
                  EQUAL,
                  varExp(
                   simpleVar(buffer)),
                  stringExp(
))),
                assignExp(
                 simpleVar(buffer),
                 callExp(getchar,
                  expList())))
),
              fundecList()))),
           decList())),
         seqExp(
          expList(
           callExp(skipto,
            expList()),
           expList(
            assignExp(
             fieldVar(
              simpleVar(any),
              any),
             callExp(isdigit,
              expList(
               varExp(
                simpleVar(buffer)),
               expList()))),
            expList(
             whileExp(
              callExp(isdigit,
               expList(
                varExp(
                 simpleVar(buffer)),
                expList())),
              seqExp(
               expList(
                assignExp(
                 simpleVar(i),
                 opExp(
                  MINUS,
                  opExp(
                   PLUS,
                   opExp(
                    TIMES,
                    varExp(
                     simpleVar(i)),
                    intExp(10)),
                   callExp(ord,
                    expList(
                     varExp(
                      simpleVar(buffer)),
                     expList()))),
                  callExp(ord,
                   expList(
                    stringExp(0),
                    expList())))),
                expList(
                 assignExp(
                  simpleVar(buffer),
                  callExp(getchar,
                   expList())),
                 expList()))))
,
             expList(
              varExp(
               simpleVar(i)),
              expList()))))))),
       fundecList())),
     decList(
      typeDec(
       nametyList(
        namety(list,
         recordTy(
          fieldList(
           field(first,
            int,
            TRUE),
           fieldList(
            field(rest,
             list,
             TRUE),
            fieldList())))),
        nametyList())),
      decList(
       functionDec(
        fundecList(
         fundec(readlist,
          fieldList(),
          list,
          letExp(
           decList(
            varDec(any,
             ,
             recordExp(any,
              efieldList(
               efield(any,
                intExp(0)),
               efieldList())),
             TRUE),
            decList(
             varDec(i,
              ,
              callExp(readint,
               expList(
                varExp(
                 simpleVar(any)),
                expList())),
              TRUE),
             decList())),
           seqExp(
            expList(
             iffExp(
              varExp(
               fieldVar(
                simpleVar(any),
                any)),
              recordExp(list,
               efieldList(
                efield(first,
                 varExp(
                  simpleVar(i))),
                efieldList(
                 efield(rest,
                  callExp(readlist,
                   expList())),
                 efieldList()))),
              nilExp()),
             expList())))),
         fundecList(
          fundec(merge,
           fieldList(
            field(a,
             list,
             TRUE),
            fieldList(
             field(b,
              list,
              TRUE),
             fieldList())),
           list,
           iffExp(
            opExp(
             EQUAL,
             varExp(
              simpleVar(a)),
             nilExp()),
            varExp(
             simpleVar(b)),
            iffExp(
             opExp(
              EQUAL,
              varExp(
               simpleVar(b)),
              nilExp()),
             varExp(
              simpleVar(a)),
             iffExp(
              opExp(
               LESSTHAN,
               varExp(
                fieldVar(
                 simpleVar(a),
                 first)),
               varExp(
                fieldVar(
                 simpleVar(b),
                 first))),
              recordExp(list,
               efieldList(
                efield(first,
                 varExp(
                  fieldVar(
                   simpleVar(a),
                   first))),
                efieldList(
                 efield(rest,
                  callExp(merge,
                   expList(
                    varExp(
                     fieldVar(
                      simpleVar(a),
                      rest)),
                    expList(
                     varExp(
                      simpleVar(b)),
                     expList())))),
                 efieldList()))),
              recordExp(list,
               efieldList(
                efield(first,
                 varExp(
                  fieldVar(
                   simpleVar(b),
                   first))),
                efieldList(
                 efield(rest,
                  callExp(merge,
                   expList(
                    varExp(
                     simpleVar(a)),
                    expList(
                     varExp(
                      fieldVar(
                       simpleVar(b),
                       rest)),
                     expList())))),
                 efieldList()))))))),
          fundecList(
           fundec(printint,
            fieldList(
             field(i,
              int,
              TRUE),
             fieldList()),
            ,
            letExp(
             decList(
              functionDec(
               fundecList(
                fundec(f,
                 fieldList(
                  field(i,
                   int,
                   TRUE),
                  fieldList()),
                 ,
                 iffExp(
                  opExp(
                   GREAT,
                   varExp(
                    simpleVar(i)),
                   intExp(0)),
                  seqExp(
                   expList(
                    callExp(f,
                     expList(
                      opExp(
                       DIVIDE,
                       varExp(
                        simpleVar(i)),
                       intExp(10)),
                      expList())),
                    expList(
                     callExp(print,
                      expList(
                       callExp(chr,
                        expList(
                         opExp(
                          PLUS,
                          opExp(
                           MINUS,
                           varExp(
                            simpleVar(i)),
                           opExp(
                            TIMES,
                            opExp(
                             DIVIDE,
                             varExp(
                              simpleVar(i)),
                             intExp(10)),
                            intExp(10))),
                          callExp(ord,
                           expList(
                            stringExp(0),
                            expList()))),
                         expList())),
                       expList())),
                     expList()))))),
                fundecList())),
              decList()),
             seqExp(
              expList(
               iffExp(
                opExp(
                 LESSTHAN,
                 varExp(
                  simpleVar(i)),
                 intExp(0)),
                seqExp(
                 expList(
                  callExp(print,
                   expList(
                    stringExp(-),
                    expList())),
                  expList(
                   callExp(f,
                    expList(
                     opExp(
                      MINUS,
                      intExp(0),
                      varExp(
                       simpleVar(i))),
                     expList())),
                   expList()))),
                iffExp(
                 opExp(
                  GREAT,
                  varExp(
                   simpleVar(i)),
                  intExp(0)),
                 callExp(f,
                  expList(
                   varExp(
                    simpleVar(i)),
                   expList())),
                 callExp(print,
                  expList(
                   stringExp(0),
                   expList())))),
               expList())))),
           fundecList(
            fundec(printlist,
             fieldList(
              field(l,
               list,
               TRUE),
              fieldList()),
             ,
             iffExp(
              opExp(
               EQUAL,
               varExp(
                simpleVar(l)),
               nilExp()),
              callExp(print,
               expList(
                stringExp(
),
                expList())),
              seqExp(
               expList(
                callExp(printint,
                 expList(
                  varExp(
                   fieldVar(
                    simpleVar(l),
                    first)),
                  expList())),
                expList(
                 callExp(print,
                  expList(
                   stringExp( ),
                   expList())),
                 expList(
                  callExp(printlist,
                   expList(
                    varExp(
                     fieldVar(
                      simpleVar(l),
                      rest)),
                    expList())),
                  expList())))))),
            fundecList()))))),
       decList(
        varDec(list1,
         ,
         callExp(readlist,
          expList()),
         TRUE),
        decList(
         varDec(list2,
          ,
          seqExp(
           expList(
            assignExp(
             simpleVar(buffer),
             callExp(getchar,
              expList())),
            expList(
             callExp(readlist,
              expList()),
             expList()))),
          TRUE),
         decList()))))))),
  seqExp(
   expList(
    callExp(printlist,
     expList(
      callExp(merge,
       expList(
        varExp(
         simpleVar(list1)),
        expList(
         varExp(
          simpleVar(list2)),
         expList()))),
      expList())),
    expList())))
