 letExp(
  decList(
   varDec(N,
    ,
    intExp(8),
    TRUE),
   decList(
    typeDec(
     nametyList(
      namety(intArray,
       arrayTy(int)),
      nametyList())),
    decList(
     varDec(row,
      ,
      arrayExp(intArray,
       varExp(
        simpleVar(N)),
       intExp(0)),
      TRUE),
     decList(
      varDec(col,
       ,
       arrayExp(intArray,
        varExp(
         simpleVar(N)),
        intExp(0)),
       TRUE),
      decList(
       varDec(diag1,
        ,
        arrayExp(intArray,
         opExp(
          MINUS,
          opExp(
           PLUS,
           varExp(
            simpleVar(N)),
           varExp(
            simpleVar(N))),
          intExp(1)),
         intExp(0)),
        TRUE),
       decList(
        varDec(diag2,
         ,
         arrayExp(intArray,
          opExp(
           MINUS,
           opExp(
            PLUS,
            varExp(
             simpleVar(N)),
            varExp(
             simpleVar(N))),
           intExp(1)),
          intExp(0)),
         TRUE),
        decList(
         functionDec(
          fundecList(
           fundec(printboard,
            fieldList(),
            ,
            seqExp(
             expList(
              forExp(i,
               intExp(0),
               opExp(
                MINUS,
                varExp(
                 simpleVar(N)),
                intExp(1)),
               seqExp(
                expList(
                 forExp(j,
                  intExp(0),
                  opExp(
                   MINUS,
                   varExp(
                    simpleVar(N)),
                   intExp(1)),
                  callExp(print,
                   expList(
                    iffExp(
                     opExp(
                      EQUAL,
                      varExp(
                       subscriptVar(
                        simpleVar(col),
                        varExp(
                         simpleVar(i)))),
                      varExp(
                       simpleVar(j))),
                     stringExp( O),
                     stringExp( .)),
                    expList())),
                  TRUE),
                 expList(
                  callExp(print,
                   expList(
                    stringExp(
),
                    expList())),
                  expList()))),
               TRUE),
              expList(
               callExp(print,
                expList(
                 stringExp(
),
                 expList())),
               expList())))),
           fundecList(
            fundec(try,
             fieldList(
              field(c,
               int,
               TRUE),
              fieldList()),
             ,
             iffExp(
              opExp(
               EQUAL,
               varExp(
                simpleVar(c)),
               varExp(
                simpleVar(N))),
              callExp(printboard,
               expList()),
              forExp(r,
               intExp(0),
               opExp(
                MINUS,
                varExp(
                 simpleVar(N)),
                intExp(1)),
               iffExp(
                iffExp(
                 iffExp(
                  opExp(
                   EQUAL,
                   varExp(
                    subscriptVar(
                     simpleVar(row),
                     varExp(
                      simpleVar(r)))),
                   intExp(0)),
                  opExp(
                   EQUAL,
                   varExp(
                    subscriptVar(
                     simpleVar(diag1),
                     opExp(
                      PLUS,
                      varExp(
                       simpleVar(r)),
                      varExp(
                       simpleVar(c))))),
                   intExp(0)),
                  intExp(0)),
                 opExp(
                  EQUAL,
                  varExp(
                   subscriptVar(
                    simpleVar(diag2),
                    opExp(
                     MINUS,
                     opExp(
                      PLUS,
                      varExp(
                       simpleVar(r)),
                      intExp(7)),
                     varExp(
                      simpleVar(c))))),
                  intExp(0)),
                 intExp(0)),
                seqExp(
                 expList(
                  assignExp(
                   subscriptVar(
                    simpleVar(row),
                    varExp(
                     simpleVar(r))),
                   intExp(1)),
                  expList(
                   assignExp(
                    subscriptVar(
                     simpleVar(diag1),
                     opExp(
                      PLUS,
                      varExp(
                       simpleVar(r)),
                      varExp(
                       simpleVar(c)))),
                    intExp(1)),
                   expList(
                    assignExp(
                     subscriptVar(
                      simpleVar(diag2),
                      opExp(
                       MINUS,
                       opExp(
                        PLUS,
                        varExp(
                         simpleVar(r)),
                        intExp(7)),
                       varExp(
                        simpleVar(c)))),
                     intExp(1)),
                    expList(
                     assignExp(
                      subscriptVar(
                       simpleVar(col),
                       varExp(
                        simpleVar(c))),
                      varExp(
                       simpleVar(r))),
                     expList(
                      callExp(try,
                       expList(
                        opExp(
                         PLUS,
                         varExp(
                          simpleVar(c)),
                         intExp(1)),
                        expList())),
                      expList(
                       assignExp(
                        subscriptVar(
                         simpleVar(row),
                         varExp(
                          simpleVar(r))),
                        intExp(0)),
                       expList(
                        assignExp(
                         subscriptVar(
                          simpleVar(diag1),
                          opExp(
                           PLUS,
                           varExp(
                            simpleVar(r)),
                           varExp(
                            simpleVar(c)))),
                         intExp(0)),
                        expList(
                         assignExp(
                          subscriptVar(
                           simpleVar(diag2),
                           opExp(
                            MINUS,
                            opExp(
                             PLUS,
                             varExp(
                              simpleVar(r)),
                             intExp(7)),
                            varExp(
                             simpleVar(c)))),
                          intExp(0)),
                         expList())))))))))),
               TRUE))),
            fundecList()))),
         decList()))))))),
  seqExp(
   expList(
    callExp(try,
     expList(
      intExp(0),
      expList())),
    expList())))
